================================================================================
CONSOLIDAÇÃO OSS + VIXEN PARA IMPORTAÇÃO
================================================================================

Data/Hora: 2025-11-09 01:37:30

Arquivos de entrada:
  - OSS: D:\projetos\carne_facil\carne_facil\1_normalizacao\dados_processados\originais\clientes\normalizados\OSS_SUZANO_MAUA.csv
  - VIXEN: D:\projetos\carne_facil\carne_facil\1_normalizacao\dados_processados\originais\clientes\normalizados\VIXEN.csv

Arquivo de saída:
  - D:\projetos\carne_facil\carne_facil\1_normalizacao\dados_processados\originais\clientes\normalizados\CLIENTES_OSS_VIXEN_CONSOLIDADO_20251109_013730.csv

================================================================================
CARREGANDO DADOS
================================================================================

1. Lendo OSS_SUZANO_MAUA.csv...
Traceback (most recent call last):
  File "D:\projetos\carne_facil\carne_facil\1_normalizacao\scripts\consolidar_oss_vixen_para_importacao.py", line 459, in <module>
    main()
    ~~~~^^
  File "D:\projetos\carne_facil\carne_facil\1_normalizacao\scripts\consolidar_oss_vixen_para_importacao.py", line 384, in main
    print(f"   \u2713 {len(df_oss)} registros (OS)")
    ~~~~~^^^^^^^^^^^^^^^^^^^^^^^^^^^^^^^^^^^^^^
  File "D:\Program Files\Python313\Lib\encodings\cp1252.py", line 19, in encode
    return codecs.charmap_encode(input,self.errors,encoding_table)[0]
           ~~~~~~~~~~~~~~~~~~~~~^^^^^^^^^^^^^^^^^^^^^^^^^^^^^^^^^^
UnicodeEncodeError: 'charmap' codec can't encode character '\u2713' in position 3: character maps to <undefined>
